<?xml version="1.0" encoding="UTF-8"?>
<testsuite name="ofouro.code.graphql.demo.repository.PersonServiceTest" tests="5" skipped="0" failures="0" errors="0" timestamp="2020-03-27T05:54:04" hostname="MZ01-YANGJH.local" time="0.07">
  <properties/>
  <testcase name="shouldFindPersonLikeNameJohn" classname="ofouro.code.graphql.demo.repository.PersonServiceTest" time="0.008"/>
  <testcase name="findNull" classname="ofouro.code.graphql.demo.repository.PersonServiceTest" time="0.036"/>
  <testcase name="shouldFindPersonLikeNameOhn" classname="ofouro.code.graphql.demo.repository.PersonServiceTest" time="0.009"/>
  <testcase name="shouldNotFindJHND" classname="ofouro.code.graphql.demo.repository.PersonServiceTest" time="0.006"/>
  <testcase name="shouldFindPersonLikeNameHN_DO" classname="ofouro.code.graphql.demo.repository.PersonServiceTest" time="0.007"/>
  <system-out><![CDATA[2020-03-27 14:54:04.772  INFO 27004 --- [    Test worker] .b.t.c.SpringBootTestContextBootstrapper : Neither @ContextConfiguration nor @ContextHierarchy found for test class [ofouro.code.graphql.demo.repository.PersonServiceTest], using SpringBootContextLoader
2020-03-27 14:54:04.773  INFO 27004 --- [    Test worker] o.s.t.c.support.AbstractContextLoader    : Could not detect default resource locations for test class [ofouro.code.graphql.demo.repository.PersonServiceTest]: no resource found for suffixes {-context.xml, Context.groovy}.
2020-03-27 14:54:04.774  INFO 27004 --- [    Test worker] t.c.s.AnnotationConfigContextLoaderUtils : Could not detect default configuration classes for test class [ofouro.code.graphql.demo.repository.PersonServiceTest]: PersonServiceTest does not declare any static, non-private, non-final, nested classes annotated with @Configuration.
2020-03-27 14:54:04.775  INFO 27004 --- [    Test worker] .b.t.c.SpringBootTestContextBootstrapper : Found @SpringBootConfiguration ofouro.code.graphql.demo.Application for test class ofouro.code.graphql.demo.repository.PersonServiceTest
2020-03-27 14:54:04.776  INFO 27004 --- [    Test worker] .b.t.c.SpringBootTestContextBootstrapper : Loaded default TestExecutionListener class names from location [META-INF/spring.factories]: [org.springframework.boot.test.autoconfigure.restdocs.RestDocsTestExecutionListener, org.springframework.boot.test.autoconfigure.web.client.MockRestServiceServerResetTestExecutionListener, org.springframework.boot.test.autoconfigure.web.servlet.MockMvcPrintOnlyOnFailureTestExecutionListener, org.springframework.boot.test.autoconfigure.web.servlet.WebDriverTestExecutionListener, org.springframework.boot.test.mock.mockito.MockitoTestExecutionListener, org.springframework.boot.test.mock.mockito.ResetMocksTestExecutionListener, org.springframework.test.context.web.ServletTestExecutionListener, org.springframework.test.context.support.DirtiesContextBeforeModesTestExecutionListener, org.springframework.test.context.support.DependencyInjectionTestExecutionListener, org.springframework.test.context.support.DirtiesContextTestExecutionListener, org.springframework.test.context.transaction.TransactionalTestExecutionListener, org.springframework.test.context.jdbc.SqlScriptsTestExecutionListener]
2020-03-27 14:54:04.776  INFO 27004 --- [    Test worker] .b.t.c.SpringBootTestContextBootstrapper : Using TestExecutionListeners: [org.springframework.test.context.web.ServletTestExecutionListener@2e6aee7d, org.springframework.test.context.support.DirtiesContextBeforeModesTestExecutionListener@46aba186, org.springframework.boot.test.mock.mockito.MockitoTestExecutionListener@928793f, org.springframework.boot.test.autoconfigure.SpringBootDependencyInjectionTestExecutionListener@54eb029f, org.springframework.test.context.support.DirtiesContextTestExecutionListener@2d0b0779, org.springframework.test.context.transaction.TransactionalTestExecutionListener@36b734cf, org.springframework.test.context.jdbc.SqlScriptsTestExecutionListener@7c1c52a7, org.springframework.boot.test.autoconfigure.restdocs.RestDocsTestExecutionListener@706f5841, org.springframework.boot.test.autoconfigure.web.client.MockRestServiceServerResetTestExecutionListener@52ab9fa, org.springframework.boot.test.autoconfigure.web.servlet.MockMvcPrintOnlyOnFailureTestExecutionListener@ab4f4dc, org.springframework.boot.test.autoconfigure.web.servlet.WebDriverTestExecutionListener@14a31647, org.springframework.boot.test.mock.mockito.ResetMocksTestExecutionListener@1e84f9c2]
]]></system-out>
  <system-err><![CDATA[]]></system-err>
</testsuite>
