<?xml version="1.0" encoding="UTF-8"?>
<testsuite name="ofouro.code.graphql.demo.graphql.GraphQLConferenceTest" tests="4" skipped="0" failures="0" errors="0" timestamp="2020-03-27T05:54:05" hostname="MZ01-YANGJH.local" time="0.21">
  <properties/>
  <testcase name="finConferenceEmptyFilter" classname="ofouro.code.graphql.demo.graphql.GraphQLConferenceTest" time="0.066"/>
  <testcase name="testConnections" classname="ofouro.code.graphql.demo.graphql.GraphQLConferenceTest" time="0.065"/>
  <testcase name="findConferencesNoFilter" classname="ofouro.code.graphql.demo.graphql.GraphQLConferenceTest" time="0.056"/>
  <testcase name="createAndFInd" classname="ofouro.code.graphql.demo.graphql.GraphQLConferenceTest" time="0.022"/>
  <system-out><![CDATA[2020-03-27 14:54:05.468  INFO 27004 --- [    Test worker] .b.t.c.SpringBootTestContextBootstrapper : Neither @ContextConfiguration nor @ContextHierarchy found for test class [ofouro.code.graphql.demo.graphql.GraphQLConferenceTest], using SpringBootContextLoader
2020-03-27 14:54:05.468  INFO 27004 --- [    Test worker] o.s.t.c.support.AbstractContextLoader    : Could not detect default resource locations for test class [ofouro.code.graphql.demo.graphql.GraphQLConferenceTest]: no resource found for suffixes {-context.xml, Context.groovy}.
2020-03-27 14:54:05.469  INFO 27004 --- [    Test worker] t.c.s.AnnotationConfigContextLoaderUtils : Could not detect default configuration classes for test class [ofouro.code.graphql.demo.graphql.GraphQLConferenceTest]: GraphQLConferenceTest does not declare any static, non-private, non-final, nested classes annotated with @Configuration.
2020-03-27 14:54:05.470  INFO 27004 --- [    Test worker] .b.t.c.SpringBootTestContextBootstrapper : Found @SpringBootConfiguration ofouro.code.graphql.demo.Application for test class ofouro.code.graphql.demo.graphql.GraphQLConferenceTest
2020-03-27 14:54:05.471  INFO 27004 --- [    Test worker] .b.t.c.SpringBootTestContextBootstrapper : Loaded default TestExecutionListener class names from location [META-INF/spring.factories]: [org.springframework.boot.test.autoconfigure.restdocs.RestDocsTestExecutionListener, org.springframework.boot.test.autoconfigure.web.client.MockRestServiceServerResetTestExecutionListener, org.springframework.boot.test.autoconfigure.web.servlet.MockMvcPrintOnlyOnFailureTestExecutionListener, org.springframework.boot.test.autoconfigure.web.servlet.WebDriverTestExecutionListener, org.springframework.boot.test.mock.mockito.MockitoTestExecutionListener, org.springframework.boot.test.mock.mockito.ResetMocksTestExecutionListener, org.springframework.test.context.web.ServletTestExecutionListener, org.springframework.test.context.support.DirtiesContextBeforeModesTestExecutionListener, org.springframework.test.context.support.DependencyInjectionTestExecutionListener, org.springframework.test.context.support.DirtiesContextTestExecutionListener, org.springframework.test.context.transaction.TransactionalTestExecutionListener, org.springframework.test.context.jdbc.SqlScriptsTestExecutionListener]
2020-03-27 14:54:05.471  INFO 27004 --- [    Test worker] .b.t.c.SpringBootTestContextBootstrapper : Using TestExecutionListeners: [org.springframework.test.context.web.ServletTestExecutionListener@20daa831, org.springframework.test.context.support.DirtiesContextBeforeModesTestExecutionListener@46674acc, org.springframework.boot.test.mock.mockito.MockitoTestExecutionListener@4526d64a, org.springframework.boot.test.autoconfigure.SpringBootDependencyInjectionTestExecutionListener@47ac226d, org.springframework.test.context.support.DirtiesContextTestExecutionListener@32428189, org.springframework.test.context.transaction.TransactionalTestExecutionListener@4e0f8c27, org.springframework.test.context.jdbc.SqlScriptsTestExecutionListener@3de8872a, org.springframework.boot.test.autoconfigure.restdocs.RestDocsTestExecutionListener@1bf165b0, org.springframework.boot.test.autoconfigure.web.client.MockRestServiceServerResetTestExecutionListener@3d19e18e, org.springframework.boot.test.autoconfigure.web.servlet.MockMvcPrintOnlyOnFailureTestExecutionListener@fc52cbe, org.springframework.boot.test.autoconfigure.web.servlet.WebDriverTestExecutionListener@76ed2bbb, org.springframework.boot.test.mock.mockito.ResetMocksTestExecutionListener@66a10c33]
2020-03-27 14:54:05.537  INFO 27004 --- [    Test worker] o.c.g.d.graphql.GraphQLConferenceTest    : Response: <200,{"data":{"conferences":[{"id":"1","name":"Nextbuild 2018","city":"Eindhoven","talks":[{"title":"Software Architecture for Developers","speakers":[{"name":"Simon"}]},{"title":"Software Architecture for Developers","speakers":[{"name":"Simon"},{"name":"Simon"}]}]},{"id":"2","name":"GeeCon 2017","city":"Prague","talks":[]},{"id":"3","name":"JavaZone 2018","city":"Oslo","talks":[{"title":"Open Source all the offentlig things! - men hvordan gjør vi det i NAV?","speakers":[{"name":"Audun"},{"name":"Truls"}]},{"title":"Open Source all the offentlig things! - men hvordan gjør vi det i NAV?","speakers":[{"name":"Audun"},{"name":"Audun"},{"name":"Truls"},{"name":"Truls"}]}]},{"id":"4","name":"Full Stack Fest","city":"Barcelona","talks":[]},{"id":"5","name":"DevOpsDays 2017","city":"Riga","talks":[{"title":"Immutable Infrastructure","speakers":[{"name":"Niek"}]},{"title":"Immutable Infrastructure","speakers":[{"name":"Niek"},{"name":"Niek"},{"name":"Niek"}]}]},{"id":"6","name":"Codemotion 2019","city":"Milan","talks":[{"title":"GraphQL - The Next API Language","speakers":[{"name":"Niek"}]},{"title":"Inside a hacker's mind","speakers":[{"name":"Maria"},{"name":"Zahin"}]},{"title":"Wrapping and Securing REST APIs with GraphQL","speakers":[{"name":"Roberto"}]},{"title":"Preparing for a future Microservices journey","speakers":[{"name":"Susanne"}]},{"title":"To the Moon and Back: The Technical Parts","speakers":[{"name":"Live JS"}]},{"title":"Zero Trust & The Flaming Sword of Justice","speakers":[{"name":"Dave"}]},{"title":"The Life of a Packet Through Istio","speakers":[{"name":"Matt"}]},{"title":"GraphQL - The Next API Language","speakers":[{"name":"Niek"},{"name":"Niek"},{"name":"Niek"}]},{"title":"Inside a hacker's mind","speakers":[{"name":"Maria"},{"name":"Maria"},{"name":"Zahin"},{"name":"Zahin"}]},{"title":"Wrapping and Securing REST APIs with GraphQL","speakers":[{"name":"Roberto"},{"name":"Roberto"}]},{"title":"Preparing for a future Microservices journey","speakers":[{"name":"Susanne"},{"name":"Susanne"}]},{"title":"To the Moon and Back: The Technical Parts","speakers":[{"name":"Live JS"},{"name":"Live JS"}]},{"title":"Zero Trust & The Flaming Sword of Justice","speakers":[{"name":"Dave"},{"name":"Dave"}]},{"title":"The Life of a Packet Through Istio","speakers":[{"name":"Matt"},{"name":"Matt"}]}]},{"id":"38","name":"For Nerds","city":"A Dark City","talks":[]},{"id":"41","name":"Nextbuild 2018","city":"Eindhoven","talks":[{"title":"Software Architecture for Developers","speakers":[{"name":"Simon"},{"name":"Simon"}]}]},{"id":"44","name":"Nextbuild 2018","city":"Eindhoven","talks":[{"title":"Software Architecture for Developers","speakers":[{"name":"Simon"},{"name":"Simon"}]}]},{"id":"45","name":"GeeCon 2017","city":"Prague","talks":[]},{"id":"46","name":"JavaZone 2018","city":"Oslo","talks":[{"title":"Open Source all the offentlig things! - men hvordan gjør vi det i NAV?","speakers":[{"name":"Audun"},{"name":"Audun"},{"name":"Truls"},{"name":"Truls"}]}]},{"id":"47","name":"Full Stack Fest","city":"Barcelona","talks":[]},{"id":"48","name":"DevOpsDays 2017","city":"Riga","talks":[{"title":"Immutable Infrastructure","speakers":[{"name":"Niek"},{"name":"Niek"},{"name":"Niek"}]}]},{"id":"49","name":"Codemotion 2019","city":"Milan","talks":[{"title":"GraphQL - The Next API Language","speakers":[{"name":"Niek"},{"name":"Niek"},{"name":"Niek"}]},{"title":"Inside a hacker's mind","speakers":[{"name":"Maria"},{"name":"Maria"},{"name":"Zahin"},{"name":"Zahin"}]},{"title":"Wrapping and Securing REST APIs with GraphQL","speakers":[{"name":"Roberto"},{"name":"Roberto"}]},{"title":"Preparing for a future Microservices journey","speakers":[{"name":"Susanne"},{"name":"Susanne"}]},{"title":"To the Moon and Back: The Technical Parts","speakers":[{"name":"Live JS"},{"name":"Live JS"}]},{"title":"Zero Trust & The Flaming Sword of Justice","speakers":[{"name":"Dave"},{"name":"Dave"}]},{"title":"The Life of a Packet Through Istio","speakers":[{"name":"Matt"},{"name":"Matt"}]}]}]}},[Content-Type:"application/json;charset=UTF-8", Content-Length:"4030", Date:"Fri, 27 Mar 2020 05:54:05 GMT", Keep-Alive:"timeout=60", Connection:"keep-alive"]>
2020-03-27 14:54:05.552  INFO 27004 --- [    Test worker] o.c.g.demo.graphql.GraphQLBaseTest       : Response: <200,{"data":{"addConference":{"id":"81","name":"For Nerds","city":"A Dark City"}}},[Content-Type:"application/json;charset=UTF-8", Content-Length:"78", Date:"Fri, 27 Mar 2020 05:54:05 GMT", Keep-Alive:"timeout=60", Connection:"keep-alive"]>
2020-03-27 14:54:05.561  INFO 27004 --- [    Test worker] o.c.g.demo.graphql.GraphQLBaseTest       : Response: <200,{"data":{"addTalk":{"id":"82","title":"Agile is Dead","summary":"Title is obvious."}}},[Content-Type:"application/json;charset=UTF-8", Content-Length:"86", Date:"Fri, 27 Mar 2020 05:54:05 GMT", Keep-Alive:"timeout=60", Connection:"keep-alive"]>
2020-03-27 14:54:05.570  INFO 27004 --- [    Test worker] o.c.g.demo.graphql.GraphQLBaseTest       : Response: <200,{"data":{"addPerson":{"id":"83","name":"speakerX","blog":"noblog","githubAccount":"nogit"}}},[Content-Type:"application/json;charset=UTF-8", Content-Length:"92", Date:"Fri, 27 Mar 2020 05:54:05 GMT", Keep-Alive:"timeout=60", Connection:"keep-alive"]>
2020-03-27 14:54:05.588  INFO 27004 --- [    Test worker] o.c.g.d.graphql.GraphQLConferenceTest    : Response: <200,{"data":{"addTalkToConference":{"name":"For Nerds","talks":[{"title":"Agile is Dead","summary":"Title is obvious."}]}}},[Content-Type:"application/json;charset=UTF-8", Content-Length:"119", Date:"Fri, 27 Mar 2020 05:54:05 GMT", Keep-Alive:"timeout=60", Connection:"keep-alive"]>
2020-03-27 14:54:05.603  INFO 27004 --- [    Test worker] o.c.g.d.graphql.GraphQLConferenceTest    : Response: <200,{"data":{"addSpeakerToTalk":{"title":"Agile is Dead","speakers":[{"name":"speakerX"}]}}},[Content-Type:"application/json;charset=UTF-8", Content-Length:"88", Date:"Fri, 27 Mar 2020 05:54:05 GMT", Keep-Alive:"timeout=60", Connection:"keep-alive"]>
2020-03-27 14:54:05.659  INFO 27004 --- [    Test worker] o.c.g.d.graphql.GraphQLConferenceTest    : Response: <200,{"data":{"conferences":[{"id":"1","name":"Nextbuild 2018","city":"Eindhoven","talks":[{"title":"Software Architecture for Developers","speakers":[{"name":"Simon"}]},{"title":"Software Architecture for Developers","speakers":[{"name":"Simon"},{"name":"Simon"}]}]},{"id":"2","name":"GeeCon 2017","city":"Prague","talks":[]},{"id":"3","name":"JavaZone 2018","city":"Oslo","talks":[{"title":"Open Source all the offentlig things! - men hvordan gjør vi det i NAV?","speakers":[{"name":"Audun"},{"name":"Truls"}]},{"title":"Open Source all the offentlig things! - men hvordan gjør vi det i NAV?","speakers":[{"name":"Audun"},{"name":"Audun"},{"name":"Truls"},{"name":"Truls"}]}]},{"id":"4","name":"Full Stack Fest","city":"Barcelona","talks":[]},{"id":"5","name":"DevOpsDays 2017","city":"Riga","talks":[{"title":"Immutable Infrastructure","speakers":[{"name":"Niek"}]},{"title":"Immutable Infrastructure","speakers":[{"name":"Niek"},{"name":"Niek"},{"name":"Niek"}]}]},{"id":"6","name":"Codemotion 2019","city":"Milan","talks":[{"title":"GraphQL - The Next API Language","speakers":[{"name":"Niek"}]},{"title":"Inside a hacker's mind","speakers":[{"name":"Maria"},{"name":"Zahin"}]},{"title":"Wrapping and Securing REST APIs with GraphQL","speakers":[{"name":"Roberto"}]},{"title":"Preparing for a future Microservices journey","speakers":[{"name":"Susanne"}]},{"title":"To the Moon and Back: The Technical Parts","speakers":[{"name":"Live JS"}]},{"title":"Zero Trust & The Flaming Sword of Justice","speakers":[{"name":"Dave"}]},{"title":"The Life of a Packet Through Istio","speakers":[{"name":"Matt"}]},{"title":"GraphQL - The Next API Language","speakers":[{"name":"Niek"},{"name":"Niek"},{"name":"Niek"}]},{"title":"Inside a hacker's mind","speakers":[{"name":"Maria"},{"name":"Maria"},{"name":"Zahin"},{"name":"Zahin"}]},{"title":"Wrapping and Securing REST APIs with GraphQL","speakers":[{"name":"Roberto"},{"name":"Roberto"}]},{"title":"Preparing for a future Microservices journey","speakers":[{"name":"Susanne"},{"name":"Susanne"}]},{"title":"To the Moon and Back: The Technical Parts","speakers":[{"name":"Live JS"},{"name":"Live JS"}]},{"title":"Zero Trust & The Flaming Sword of Justice","speakers":[{"name":"Dave"},{"name":"Dave"}]},{"title":"The Life of a Packet Through Istio","speakers":[{"name":"Matt"},{"name":"Matt"}]}]},{"id":"38","name":"For Nerds","city":"A Dark City","talks":[]},{"id":"41","name":"Nextbuild 2018","city":"Eindhoven","talks":[{"title":"Software Architecture for Developers","speakers":[{"name":"Simon"},{"name":"Simon"}]}]},{"id":"44","name":"Nextbuild 2018","city":"Eindhoven","talks":[{"title":"Software Architecture for Developers","speakers":[{"name":"Simon"},{"name":"Simon"}]}]},{"id":"45","name":"GeeCon 2017","city":"Prague","talks":[]},{"id":"46","name":"JavaZone 2018","city":"Oslo","talks":[{"title":"Open Source all the offentlig things! - men hvordan gjør vi det i NAV?","speakers":[{"name":"Audun"},{"name":"Audun"},{"name":"Truls"},{"name":"Truls"}]}]},{"id":"47","name":"Full Stack Fest","city":"Barcelona","talks":[]},{"id":"48","name":"DevOpsDays 2017","city":"Riga","talks":[{"title":"Immutable Infrastructure","speakers":[{"name":"Niek"},{"name":"Niek"},{"name":"Niek"}]}]},{"id":"49","name":"Codemotion 2019","city":"Milan","talks":[{"title":"GraphQL - The Next API Language","speakers":[{"name":"Niek"},{"name":"Niek"},{"name":"Niek"}]},{"title":"Inside a hacker's mind","speakers":[{"name":"Maria"},{"name":"Maria"},{"name":"Zahin"},{"name":"Zahin"}]},{"title":"Wrapping and Securing REST APIs with GraphQL","speakers":[{"name":"Roberto"},{"name":"Roberto"}]},{"title":"Preparing for a future Microservices journey","speakers":[{"name":"Susanne"},{"name":"Susanne"}]},{"title":"To the Moon and Back: The Technical Parts","speakers":[{"name":"Live JS"},{"name":"Live JS"}]},{"title":"Zero Trust & The Flaming Sword of Justice","speakers":[{"name":"Dave"},{"name":"Dave"}]},{"title":"The Life of a Packet Through Istio","speakers":[{"name":"Matt"},{"name":"Matt"}]}]},{"id":"81","name":"For Nerds","city":"A Dark City","talks":[]}]}},[Content-Type:"application/json;charset=UTF-8", Content-Length:"4093", Date:"Fri, 27 Mar 2020 05:54:05 GMT", Keep-Alive:"timeout=60", Connection:"keep-alive"]>
2020-03-27 14:54:05.673  INFO 27004 --- [    Test worker] o.c.g.demo.graphql.GraphQLBaseTest       : Response: <200,{"data":{"addConference":{"id":"84","name":"Nextbuild 2018","city":"Eindhoven"}}},[Content-Type:"application/json;charset=UTF-8", Content-Length:"81", Date:"Fri, 27 Mar 2020 05:54:05 GMT", Keep-Alive:"timeout=60", Connection:"keep-alive"]>
2020-03-27 14:54:05.682  INFO 27004 --- [    Test worker] o.c.g.d.graphql.GraphQLConferenceTest    : Response: <200,{"data":{"conference":{"id":"84","name":"Nextbuild 2018","city":"Eindhoven"}}},[Content-Type:"application/json;charset=UTF-8", Content-Length:"78", Date:"Fri, 27 Mar 2020 05:54:05 GMT", Keep-Alive:"timeout=60", Connection:"keep-alive"]>
]]></system-out>
  <system-err><![CDATA[]]></system-err>
</testsuite>
