<?xml version="1.0" encoding="UTF-8"?>
<testsuite name="ofouro.code.graphql.demo.graphql.GraphQLPersonTest" tests="3" skipped="0" failures="0" errors="0" timestamp="2020-03-27T05:54:04" hostname="MZ01-YANGJH.local" time="0.494">
  <properties/>
  <testcase name="createAndFindPerson" classname="ofouro.code.graphql.demo.graphql.GraphQLPersonTest" time="0.393"/>
  <testcase name="findPersonNonExisting" classname="ofouro.code.graphql.demo.graphql.GraphQLPersonTest" time="0.023"/>
  <testcase name="findPersonEmptyFilter" classname="ofouro.code.graphql.demo.graphql.GraphQLPersonTest" time="0.077"/>
  <system-out><![CDATA[2020-03-27 14:54:04.861  INFO 27004 --- [    Test worker] .b.t.c.SpringBootTestContextBootstrapper : Neither @ContextConfiguration nor @ContextHierarchy found for test class [ofouro.code.graphql.demo.graphql.GraphQLPersonTest], using SpringBootContextLoader
2020-03-27 14:54:04.862  INFO 27004 --- [    Test worker] o.s.t.c.support.AbstractContextLoader    : Could not detect default resource locations for test class [ofouro.code.graphql.demo.graphql.GraphQLPersonTest]: no resource found for suffixes {-context.xml, Context.groovy}.
2020-03-27 14:54:04.862  INFO 27004 --- [    Test worker] t.c.s.AnnotationConfigContextLoaderUtils : Could not detect default configuration classes for test class [ofouro.code.graphql.demo.graphql.GraphQLPersonTest]: GraphQLPersonTest does not declare any static, non-private, non-final, nested classes annotated with @Configuration.
2020-03-27 14:54:04.870  INFO 27004 --- [    Test worker] .b.t.c.SpringBootTestContextBootstrapper : Found @SpringBootConfiguration ofouro.code.graphql.demo.Application for test class ofouro.code.graphql.demo.graphql.GraphQLPersonTest
2020-03-27 14:54:04.871  INFO 27004 --- [    Test worker] .b.t.c.SpringBootTestContextBootstrapper : Loaded default TestExecutionListener class names from location [META-INF/spring.factories]: [org.springframework.boot.test.autoconfigure.restdocs.RestDocsTestExecutionListener, org.springframework.boot.test.autoconfigure.web.client.MockRestServiceServerResetTestExecutionListener, org.springframework.boot.test.autoconfigure.web.servlet.MockMvcPrintOnlyOnFailureTestExecutionListener, org.springframework.boot.test.autoconfigure.web.servlet.WebDriverTestExecutionListener, org.springframework.boot.test.mock.mockito.MockitoTestExecutionListener, org.springframework.boot.test.mock.mockito.ResetMocksTestExecutionListener, org.springframework.test.context.web.ServletTestExecutionListener, org.springframework.test.context.support.DirtiesContextBeforeModesTestExecutionListener, org.springframework.test.context.support.DependencyInjectionTestExecutionListener, org.springframework.test.context.support.DirtiesContextTestExecutionListener, org.springframework.test.context.transaction.TransactionalTestExecutionListener, org.springframework.test.context.jdbc.SqlScriptsTestExecutionListener]
2020-03-27 14:54:04.871  INFO 27004 --- [    Test worker] .b.t.c.SpringBootTestContextBootstrapper : Using TestExecutionListeners: [org.springframework.test.context.web.ServletTestExecutionListener@2b83a121, org.springframework.test.context.support.DirtiesContextBeforeModesTestExecutionListener@6a8fdd5, org.springframework.boot.test.mock.mockito.MockitoTestExecutionListener@205cde95, org.springframework.boot.test.autoconfigure.SpringBootDependencyInjectionTestExecutionListener@68e34a8a, org.springframework.test.context.support.DirtiesContextTestExecutionListener@5edf741e, org.springframework.test.context.transaction.TransactionalTestExecutionListener@1fd86c45, org.springframework.test.context.jdbc.SqlScriptsTestExecutionListener@5936b15d, org.springframework.boot.test.autoconfigure.restdocs.RestDocsTestExecutionListener@2b7317eb, org.springframework.boot.test.autoconfigure.web.client.MockRestServiceServerResetTestExecutionListener@ea9f91f, org.springframework.boot.test.autoconfigure.web.servlet.MockMvcPrintOnlyOnFailureTestExecutionListener@52cf06cb, org.springframework.boot.test.autoconfigure.web.servlet.WebDriverTestExecutionListener@3e9ff996, org.springframework.boot.test.mock.mockito.ResetMocksTestExecutionListener@d607de1]
2020-03-27 14:54:05.229  INFO 27004 --- [    Test worker] o.c.g.demo.graphql.GraphQLBaseTest       : Response: <200,{"data":{"addPerson":{"id":"79","name":"Niek","blog":"https://040code.github.io","githubAccount":"npalm"}}},[Content-Type:"application/json;charset=UTF-8", Content-Length:"107", Date:"Fri, 27 Mar 2020 05:54:05 GMT", Keep-Alive:"timeout=60", Connection:"keep-alive"]>
2020-03-27 14:54:05.263  INFO 27004 --- [    Test worker] o.c.g.demo.graphql.GraphQLPersonTest     : Response: <200,{"data":{"person":{"id":"79","name":"Niek","blog":"https://040code.github.io"}}},[Content-Type:"application/json;charset=UTF-8", Content-Length:"80", Date:"Fri, 27 Mar 2020 05:54:05 GMT", Keep-Alive:"timeout=60", Connection:"keep-alive"]>
2020-03-27 14:54:05.286  INFO 27004 --- [    Test worker] o.c.g.demo.graphql.GraphQLPersonTest     : Response: <200,{"data":{"persons":[]}},[Content-Type:"application/json;charset=UTF-8", Content-Length:"23", Date:"Fri, 27 Mar 2020 05:54:05 GMT", Keep-Alive:"timeout=60", Connection:"keep-alive"]>
2020-03-27 14:54:05.365  INFO 27004 --- [    Test worker] o.c.g.demo.graphql.GraphQLPersonTest     : Response: <200,{"data":{"persons":[{"id":"7","name":"Niek","blog":"https://040code.github.io","githubAccount":"npalm"},{"id":"8","name":"Josh","blog":"","githubAccount":"joshlong"},{"id":"9","name":"Simon","blog":"http://www.codingthearchitecture.com","githubAccount":""},{"id":"10","name":"Audun","blog":"","githubAccount":""},{"id":"11","name":"Truls","blog":"","githubAccount":""},{"id":"12","name":"Maria","blog":"","githubAccount":""},{"id":"13","name":"Zahin","blog":"","githubAccount":""},{"id":"14","name":"Roberto","blog":"","githubAccount":"empijei"},{"id":"15","name":"Susanne","blog":"","githubAccount":""},{"id":"16","name":"Live JS","blog":"","githubAccount":""},{"id":"17","name":"Dave","blog":"","githubAccount":""},{"id":"18","name":"Matt","blog":"https://mt165.co.uk","githubAccount":"mt-inside"},{"id":"32","name":"John Doe","blog":"www","githubAccount":"github"},{"id":"33","name":"John Doe","blog":"www","githubAccount":"github"},{"id":"34","name":"John Doe","blog":"www","githubAccount":"github"},{"id":"35","name":"John Doe","blog":"www","githubAccount":"github"},{"id":"36","name":"Niek","blog":"https://040code.github.io","githubAccount":"npalm"},{"id":"40","name":"speakerX","blog":"noblog","githubAccount":"nogit"},{"id":"50","name":"Niek","blog":"https://040code.github.io","githubAccount":"npalm"},{"id":"51","name":"Josh","blog":"","githubAccount":"joshlong"},{"id":"52","name":"Simon","blog":"http://www.codingthearchitecture.com","githubAccount":""},{"id":"53","name":"Audun","blog":"","githubAccount":""},{"id":"54","name":"Truls","blog":"","githubAccount":""},{"id":"55","name":"Maria","blog":"","githubAccount":""},{"id":"56","name":"Zahin","blog":"","githubAccount":""},{"id":"57","name":"Roberto","blog":"","githubAccount":"empijei"},{"id":"58","name":"Susanne","blog":"","githubAccount":""},{"id":"59","name":"Live JS","blog":"","githubAccount":""},{"id":"60","name":"Dave","blog":"","githubAccount":""},{"id":"61","name":"Matt","blog":"https://mt165.co.uk","githubAccount":"mt-inside"},{"id":"75","name":"John Doe","blog":"www","githubAccount":"github"},{"id":"76","name":"John Doe","blog":"www","githubAccount":"github"},{"id":"77","name":"John Doe","blog":"www","githubAccount":"github"},{"id":"78","name":"John Doe","blog":"www","githubAccount":"github"},{"id":"79","name":"Niek","blog":"https://040code.github.io","githubAccount":"npalm"}]}},[Content-Type:"application/json;charset=UTF-8", Content-Length:"2369", Date:"Fri, 27 Mar 2020 05:54:05 GMT", Keep-Alive:"timeout=60", Connection:"keep-alive"]>
]]></system-out>
  <system-err><![CDATA[]]></system-err>
</testsuite>
