<?xml version="1.0" encoding="UTF-8"?>
<testsuite name="ofouro.code.graphql.demo.resolvers.InputConverterTest" tests="4" skipped="0" failures="0" errors="0" timestamp="2020-03-27T05:54:04" hostname="MZ01-YANGJH.local" time="0.002">
  <properties/>
  <testcase name="testInputPageNull" classname="ofouro.code.graphql.demo.resolvers.InputConverterTest" time="0.001"/>
  <testcase name="testInputPersonNull" classname="ofouro.code.graphql.demo.resolvers.InputConverterTest" time="0.001"/>
  <testcase name="testInputTalkNull" classname="ofouro.code.graphql.demo.resolvers.InputConverterTest" time="0.0"/>
  <testcase name="testInputConferenceNull" classname="ofouro.code.graphql.demo.resolvers.InputConverterTest" time="0.0"/>
  <system-out><![CDATA[]]></system-out>
  <system-err><![CDATA[]]></system-err>
</testsuite>
