<?xml version="1.0" encoding="UTF-8"?>
<testsuite name="ofouro.code.graphql.demo.dataloader.CsvReaderTest" tests="2" skipped="0" failures="0" errors="0" timestamp="2020-03-27T05:54:05" hostname="MZ01-YANGJH.local" time="0.004">
  <properties/>
  <testcase name="testCsvValidData" classname="ofouro.code.graphql.demo.dataloader.CsvReaderTest" time="0.001"/>
  <testcase name="testInValidData" classname="ofouro.code.graphql.demo.dataloader.CsvReaderTest" time="0.002"/>
  <system-out><![CDATA[]]></system-out>
  <system-err><![CDATA[]]></system-err>
</testsuite>
